
ROM used:   663/8192 (8%)
            663/8192 (8%) including unused fragments

            0.6 Average locations per line
            5.0 Average locations per statement

RAM used:   7/368 (2%) at main() level
            23/368 (6%) worst case

Stack used: 5 worst case (5 in main + 0 for interrupts)
Stack size: 8

Lines Stmts  %   Files
----- ----- ---  -----
   79    33  25  main.c
  661     0   0  ..\..\..\..\..\..\Program Files (x86)\PICC\Devices\16F877A.h
  456   100  75  ..\..\..\..\..\..\Program Files (x86)\PICC\Drivers\lcd.c
----- -----
 1196   133 Total

Page ROM  %  RAM   Vol Diff  Functions:
---- --- --- ---   --- ----  ----------
0     21   3    1             @delay_ms1
0      8   1    0             @const626
 Inline         3   760  4.5  lcd_read_byte
0     49   7    2   262  3.7  lcd_read_nibble
0     43   6    1   399  2.4  lcd_send_nibble
0     92  14    3   415  3.7  lcd_send_byte
0     61   9    2   704  5.0  lcd_init
0     18   3    4   208  6.3  lcd_gotoxy
0     44   7    1   354  4.7  lcd_putc
0    185  28    1   964  4.9  MAIN
0      1   0    0             @const660
0     75  11    4   963  5.3  @PSTRINGC7_645
0      9   1    0   197  3.3  @const662
0      1   0    0             @const663
0      9   1    0   963  5.3  @const667
0      9   1    0             @const668
0      9   1    0             @const669
0      9   1    0             @const670
0      8   1    0             @const671
0      8   1    0             @const672
 Inline         0             @cinit1

Program metrics:
    Functions               11
    Statements              133
    Comments                237
    Volume (V)              9681
    Difficulty (D)          47.4
    Effort to implement (E) 458638
    Time to implement (T)   7 hours, 5 minutes
    Est Delivered Bugs (B)  2
    Cyclomatic Complexity   17
    Maintainability (MI)    134

 Segment     Used  Free
-----------  ----  ----
00000-00003     4  0  
00004-007FF   659  1385  
00800-00FFF     0  2048  
01000-017FF     0  2048  
01800-01FFF     0  2048  



